<?xml version="1.0" encoding="UTF-8"?>
<!-- Generated by org.testng.reporters.JUnitReportReporter -->
<testsuite hostname="LAPTOP-I5RVG9S4" failures="0" tests="2" name="com.comcast.contacttest.CreateContactTest" time="0.026" errors="0" timestamp="2021-03-12T12:52:22 IST" skipped="0">
  <testcase classname="com.comcast.contacttest.CreateContactTest" name="CreateContactwithMobile" time="0.003"/>
  <system-out/>
  <testcase classname="com.comcast.contacttest.CreateContactTest" name="CreateContact" time="0.023"/>
  <system-out/>
</testsuite> <!-- com.comcast.contacttest.CreateContactTest -->
